Generated session ID for search caching: a00dcde0-674c-46e8-b5f9-50f1b93ad15d
No folders configured via ALLOWED_FOLDERS. Tools might default to current directory or require explicit paths.
Executing extract for session 2ca407d5-d712-4264-b36e-1004536bde2f

Extract: files=".github/workflows/ci-test.yml"
Executing search for session 2ca407d5-d712-4264-b36e-1004536bde2f

Search: query="filename:ci-test.yml OR filename:ci.yml OR filename:test.yml" path="." maxTokens=10000 timeout=30 session=2163e0cf-ae61-4507-b3ca-fcbf16d05c6f

Search results: 16 matches, 2202 tokens, 5962 bytes
Executing search for session 2ca407d5-d712-4264-b36e-1004536bde2f

Search: query="filename:*.yml path:.github/workflows" path="." maxTokens=10000 timeout=30 session=2163e0cf-ae61-4507-b3ca-fcbf16d05c6f

Search results: 224 matches, 9866 tokens, 29104 bytes
Executing search for session 2ca407d5-d712-4264-b36e-1004536bde2f

Search: query="filename:*.yml path:.github/workflows" path=".github/workflows" maxTokens=10000 timeout=30 exact=true session=2163e0cf-ae61-4507-b3ca-fcbf16d05c6f

Search results: 0 matches, 10000 tokens
Executing search for session 2ca407d5-d712-4264-b36e-1004536bde2f

Search: query="filename:*.yml OR filename:*.yaml workflow" path="." maxTokens=10000 timeout=30 session=2163e0cf-ae61-4507-b3ca-fcbf16d05c6f

Search results: 103 matches, 7185 tokens, 24443 bytes
Executing search for session 2ca407d5-d712-4264-b36e-1004536bde2f

Search: query="vitepress.yml" path="." maxTokens=10000 timeout=30 exact=true session=2163e0cf-ae61-4507-b3ca-fcbf16d05c6f

Search results: 2 matches, 297 tokens, 886 bytes
Executing search for session 2ca407d5-d712-4264-b36e-1004536bde2f

Search: query="path:.github" path="." maxTokens=10000 timeout=30 session=2163e0cf-ae61-4507-b3ca-fcbf16d05c6f

Search results: 226 matches, 7556 tokens, 17408 bytes
Executing extract for session 2ca407d5-d712-4264-b36e-1004536bde2f

Extract: files=".github/workflows/vitepress.yml"
Executing extract for session 2ca407d5-d712-4264-b36e-1004536bde2f

Extract: files=".github/workflows/ci-test.yml"
Executing search for session 2ca407d5-d712-4264-b36e-1004536bde2f

Search: query="ci test workflow OR vitepress workflow" path="." maxTokens=10000 timeout=30 session=2163e0cf-ae61-4507-b3ca-fcbf16d05c6f

Search results: 62 matches, 4676 tokens, 15389 bytes
Executing implement for session 2ca407d5-d712-4264-b36e-1004536bde2f
